[bold.studio/index.html]
[backblue.gif]
[fade.gif]
[index.html]
[bold.studio/css/style.css]
[bold.studio/css/owl.carousel.min.css]
[bold.studio/apple-touch-icon-57x57.png]
[bold.studio/apple-touch-icon-60x60.png]
[bold.studio/apple-touch-icon-72x72.png]
[bold.studio/apple-touch-icon-76x76.png]
[bold.studio/apple-touch-icon-114x114.png]
[bold.studio/apple-touch-icon-120x120.png]
[bold.studio/apple-touch-icon-144x144.png]
[bold.studio/apple-touch-icon-152x152.png]
[bold.studio/apple-touch-icon-180x180.png]
[bold.studio/favicon-32x32.png]
[bold.studio/favicon-194x194.png]
[bold.studio/favicon-96x96.png]
[bold.studio/android-chrome-192x192.png]
[bold.studio/favicon-16x16.png]
[bold.studio/js/js.js]
[bold.studio/js/jquery.stellar.min.js]
[bold.studio/js/waypoints.min.js]
[bold.studio/js/jquery.easing.1.3.js]
[bold.studio/js/movement.js]
[bold.studio/js/accordion.js]
[bold.studio/js/owl.carousel.js]
[bold.studio/js/count.js]
[bold.studio/js/footer.js]
[bold.studio/index.html]
[bold.studio/css/style.css]
[bold.studio/css/font/Web-Regular.woff]
[bold.studio/css/owl.carousel.min.css]
[bold.studio/css/font/Web-Regular.html]
[bold.studio/css/owl.video.play.html]
